<?xml version="1.0" encoding="UTF-8"?>
<coverage generated="1739630168065" clover="3.2.0">
  <project timestamp="1739630168066" name="All files">
    <metrics statements="21" coveredstatements="17" conditionals="2" coveredconditionals="1" methods="6" coveredmethods="1" elements="29" coveredelements="19" complexity="0" loc="21" ncloc="21" packages="2" files="2" classes="2"/>
    <package name="config">
      <metrics statements="10" coveredstatements="6" conditionals="2" coveredconditionals="1" methods="5" coveredmethods="0"/>
      <file name="db.js" path="C:\Users\1034493\OneDrive - Blue Yonder\Learning\Node\NodeJS\config\db.js">
        <metrics statements="10" coveredstatements="6" conditionals="2" coveredconditionals="1" methods="5" coveredmethods="0"/>
        <line num="1" count="1" type="stmt"/>
        <line num="2" count="1" type="stmt"/>
        <line num="4" count="1" type="stmt"/>
        <line num="30" count="1" type="cond" truecount="1" falsecount="1"/>
        <line num="31" count="0" type="stmt"/>
        <line num="34" count="0" type="stmt"/>
        <line num="35" count="0" type="stmt"/>
        <line num="37" count="0" type="stmt"/>
        <line num="39" count="1" type="stmt"/>
        <line num="42" count="1" type="stmt"/>
      </file>
    </package>
    <package name="models">
      <metrics statements="11" coveredstatements="11" conditionals="0" coveredconditionals="0" methods="1" coveredmethods="1"/>
      <file name="userModel.js" path="C:\Users\1034493\OneDrive - Blue Yonder\Learning\Node\NodeJS\models\userModel.js">
        <metrics statements="11" coveredstatements="11" conditionals="0" coveredconditionals="0" methods="1" coveredmethods="1"/>
        <line num="1" count="1" type="stmt"/>
        <line num="2" count="1" type="stmt"/>
        <line num="3" count="1" type="stmt"/>
        <line num="27" count="1" type="stmt"/>
        <line num="28" count="1" type="stmt"/>
        <line num="29" count="1" type="stmt"/>
        <line num="30" count="1" type="stmt"/>
        <line num="35" count="1" type="stmt"/>
        <line num="36" count="1" type="stmt"/>
        <line num="38" count="1" type="stmt"/>
        <line num="43" count="1" type="stmt"/>
      </file>
    </package>
  </project>
</coverage>
