{"C:\\Users\\1034493\\OneDrive - Blue Yonder\\Learning\\Node\\NodeJS\\config\\db.js": {"path":"C:\\Users\\1034493\\OneDrive - Blue Yonder\\Learning\\Node\\NodeJS\\config\\db.js","statementMap":{"0":{"start":{"line":1,"column":12},"end":{"line":1,"column":28}},"1":{"start":{"line":2,"column":0},"end":{"line":2,"column":27}},"2":{"start":{"line":4,"column":15},"end":{"line":13,"column":1}},"3":{"start":{"line":30,"column":0},"end":{"line":40,"column":1}},"4":{"start":{"line":31,"column":2},"end":{"line":37,"column":69}},"5":{"start":{"line":34,"column":6},"end":{"line":34,"column":45}},"6":{"start":{"line":35,"column":6},"end":{"line":35,"column":18}},"7":{"start":{"line":37,"column":18},"end":{"line":37,"column":67}},"8":{"start":{"line":39,"column":2},"end":{"line":39,"column":91}},"9":{"start":{"line":39,"column":50},"end":{"line":39,"column":86}},"10":{"start":{"line":42,"column":0},"end":{"line":42,"column":33}}},"fnMap":{"0":{"name":"(anonymous_0)","decl":{"start":{"line":33,"column":10},"end":{"line":33,"column":11}},"loc":{"start":{"line":33,"column":18},"end":{"line":36,"column":5}},"line":33},"1":{"name":"(anonymous_1)","decl":{"start":{"line":37,"column":11},"end":{"line":37,"column":12}},"loc":{"start":{"line":37,"column":18},"end":{"line":37,"column":67}},"line":37},"2":{"name":"(anonymous_2)","decl":{"start":{"line":39,"column":43},"end":{"line":39,"column":44}},"loc":{"start":{"line":39,"column":50},"end":{"line":39,"column":86}},"line":39},"3":{"name":"(anonymous_3)","decl":{"start":{"line":39,"column":59},"end":{"line":39,"column":60}},"loc":{"start":{"line":39,"column":65},"end":{"line":39,"column":67}},"line":39},"4":{"name":"(anonymous_4)","decl":{"start":{"line":39,"column":76},"end":{"line":39,"column":77}},"loc":{"start":{"line":39,"column":82},"end":{"line":39,"column":84}},"line":39}},"branchMap":{"0":{"loc":{"start":{"line":30,"column":0},"end":{"line":40,"column":1}},"type":"if","locations":[{"start":{"line":30,"column":0},"end":{"line":40,"column":1}},{"start":{"line":38,"column":7},"end":{"line":40,"column":1}}],"line":30}},"s":{"0":1,"1":1,"2":1,"3":1,"4":0,"5":0,"6":0,"7":0,"8":1,"9":0,"10":1},"f":{"0":0,"1":0,"2":0,"3":0,"4":0},"b":{"0":[0,1]},"_coverageSchema":"1a1c01bbd47fc00a2c39e90264f33305004495a9","hash":"a174d8a52fc7131d875664fd402256cbf79f0be3"}
,"C:\\Users\\1034493\\OneDrive - Blue Yonder\\Learning\\Node\\NodeJS\\models\\userModel.js": {"path":"C:\\Users\\1034493\\OneDrive - Blue Yonder\\Learning\\Node\\NodeJS\\models\\userModel.js","statementMap":{"0":{"start":{"line":1,"column":11},"end":{"line":1,"column":37}},"1":{"start":{"line":2,"column":12},"end":{"line":2,"column":28}},"2":{"start":{"line":3,"column":15},"end":{"line":3,"column":32}},"3":{"start":{"line":27,"column":4},"end":{"line":39,"column":5}},"4":{"start":{"line":28,"column":19},"end":{"line":28,"column":27}},"5":{"start":{"line":29,"column":6},"end":{"line":29,"column":28}},"6":{"start":{"line":30,"column":6},"end":{"line":33,"column":87}},"7":{"start":{"line":35,"column":6},"end":{"line":35,"column":50}},"8":{"start":{"line":36,"column":6},"end":{"line":36,"column":16}},"9":{"start":{"line":38,"column":6},"end":{"line":38,"column":18}},"10":{"start":{"line":43,"column":0},"end":{"line":43,"column":28}}},"fnMap":{"0":{"name":"addUser","decl":{"start":{"line":26,"column":15},"end":{"line":26,"column":22}},"loc":{"start":{"line":26,"column":47},"end":{"line":40,"column":3}},"line":26}},"branchMap":{},"s":{"0":1,"1":1,"2":1,"3":1,"4":1,"5":1,"6":1,"7":1,"8":1,"9":1,"10":1},"f":{"0":1},"b":{},"_coverageSchema":"1a1c01bbd47fc00a2c39e90264f33305004495a9","hash":"24c9fdf6775ce3b971ae2618fc44079c10a2a9ae"}
}
