TN:
SF:config\db.js
FN:33,(anonymous_0)
FN:37,(anonymous_1)
FN:39,(anonymous_2)
FN:39,(anonymous_3)
FN:39,(anonymous_4)
FNF:5
FNH:0
FNDA:0,(anonymous_0)
FNDA:0,(anonymous_1)
FNDA:0,(anonymous_2)
FNDA:0,(anonymous_3)
FNDA:0,(anonymous_4)
DA:1,1
DA:2,1
DA:4,1
DA:30,1
DA:31,0
DA:34,0
DA:35,0
DA:37,0
DA:39,1
DA:42,1
LF:10
LH:6
BRDA:30,0,0,0
BRDA:30,0,1,1
BRF:2
BRH:1
end_of_record
TN:
SF:models\userModel.js
FN:26,addUser
FNF:1
FNH:1
FNDA:1,addUser
DA:1,1
DA:2,1
DA:3,1
DA:27,1
DA:28,1
DA:29,1
DA:30,1
DA:35,1
DA:36,1
DA:38,1
DA:43,1
LF:11
LH:11
BRF:0
BRH:0
end_of_record
